make all all DEBUG=yes TARGET_PATH=.build/debug --print-data-base --no-builtin-variables --no-builtin-rules --question
# GNU Make 4.2.1
# Built for x86_64-pc-linux-gnu
# Copyright (C) 1988-2016 Free Software Foundation, Inc.
# License GPLv3+: GNU GPL version 3 or later <http://gnu.org/licenses/gpl.html>
# This is free software: you are free to change and redistribute it.
# There is NO WARRANTY, to the extent permitted by law.

# Make data base, printed on Tue Feb  6 19:24:59 2024

# Variables

# 'override' directive
GNUMAKEFLAGS := 
# automatic
<D = $(patsubst %/,%,$(dir $<))
# automatic
?F = $(notdir $?)
# environment
DESKTOP_SESSION = ubuntu
# default
.SHELLFLAGS := -c
# environment
XDG_SESSION_CLASS = user
# makefile (from 'Makefile', line 6)
SRC = src/main.cpp src/ConnectionHandler.cpp
# environment
XDG_SESSION_TYPE = x11
# automatic
?D = $(patsubst %/,%,$(dir $?))
# environment
IM_CONFIG_PHASE = 1
# automatic
@D = $(patsubst %/,%,$(dir $@))
# environment
XAUTHORITY = /run/user/1000/gdm/Xauthority
# environment
GDMSESSION = ubuntu
# environment
XMODIFIERS = @im=ibus
# makefile
CURDIR := /home/ak/x/fl/1
# makefile (from 'Makefile', line 5)
LINK = -lPocoFoundation -lPocoNet
# makefile
SHELL = /bin/sh
# environment
VSCODE_NLS_CONFIG = {"locale":"ru","availableLanguages":{"*":"ru"},"_languagePackId":"4a818bf682198106fa0cf3abb29761f9.ru","_translationsConfigFile":"/home/ak/.config/Code/clp/4a818bf682198106fa0cf3abb29761f9.ru/tcf.json","_cacheRoot":"/home/ak/.config/Code/clp/4a818bf682198106fa0cf3abb29761f9.ru","_resolvedLanguagePackCoreLocation":"/home/ak/.config/Code/clp/4a818bf682198106fa0cf3abb29761f9.ru/441438abd1ac652551dbe4d408dfcec8a499b8bf","_corruptedFile":"/home/ak/.config/Code/clp/4a818bf682198106fa0cf3abb29761f9.ru/corrupted.info","_languagePackSupport":true}
# environment
JOURNAL_STREAM = 8:44379916
# makefile (from 'Makefile', line 2)
CFLAGS = -Wall
# environment
XDG_CONFIG_DIRS = /etc/xdg/xdg-ubuntu:/etc/xdg
# environment
QSYS_ROOTDIR = /media/ak/43bf11b8-cd5a-40f6-8e09-903be7d777a2/home/ak/opt/fpga/quartus_14.1/quartus/sopc_builder/bin
# makefile (from 'Makefile', line 1)
MAKEFILE_LIST :=  Makefile
# automatic
@F = $(notdir $@)
# environment
GIO_LAUNCHED_DESKTOP_FILE = /usr/share/applications/VSCode.desktop
# command line
DEBUG = yes
# environment
USERNAME = ak
# environment
XDG_DATA_DIRS = /usr/share/ubuntu:/usr/local/share/:/usr/share/:/var/lib/snapd/desktop
# environment
DBUS_SESSION_BUS_ADDRESS = unix:path=/run/user/1000/bus
# environment
_ = /usr/bin/dbus-update-activation-environment
# environment
MANAGERPID = 1309450
# environment
VSCODE_CWD = /home/ak
# default
MAKE_HOST := x86_64-pc-linux-gnu
# environment
PATH = /home/ak/opt/arm/gcc-arm-none-eabi-6/bin:/home/ak/opt/flutter/bin:/home/ak/bin:/home/ak/.local/bin:/usr/local/sbin:/usr/local/bin:/usr/sbin:/usr/bin:/sbin:/bin:/usr/games:/usr/local/games:/snap/bin:/home/ak/opt/MTAX2/poky-build/usr/bin/arm-poky-linux-gnueabi:/home/ak/opt/go/bin:/home/ak/z/go/bin
# environment
GTK_USE_PORTAL = 0
# environment
GPG_AGENT_INFO = /run/user/1000/gnupg/S.gpg-agent:0:1
# environment
SESSION_MANAGER = local/ws:@/tmp/.ICE-unix/1309881,unix/ws:/tmp/.ICE-unix/1309881
# environment
XDG_RUNTIME_DIR = /run/user/1000
# command line
TARGET_PATH = .build/debug
# environment
GOPATH = /home/ak/z/go
# environment
XDG_MENU_PREFIX = gnome-
# environment
ELECTRON_RUN_AS_NODE = 1
# environment
INVOCATION_ID = 41599d490e2e49edbcd060187beb1583
# makefile (from 'Makefile', line 4)
LIB = 
# default
.FEATURES := target-specific order-only second-expansion else-if shortest-stem undefine oneshell archives jobserver output-sync check-symlink load
# environment
ALTERAOCLSDKROOT = /media/ak/43bf11b8-cd5a-40f6-8e09-903be7d777a2/home/ak/opt/fpga/quartus_14.1/hld
# environment
XDG_SESSION_DESKTOP = ubuntu
# environment
SSH_AUTH_SOCK = /run/user/1000/keyring/ssh
# environment
GIO_LAUNCHED_DESKTOP_FILE_PID = 2147237
# automatic
%F = $(notdir $%)
# environment
DISPLAY = :1
# environment
PWD = /home/ak/x/fl/1
# default
.LOADED := 
# environment
SSH_AGENT_PID = 1309728
# environment
ORIGINAL_XDG_CURRENT_DESKTOP = ubuntu:GNOME
# environment
GTK_MODULES = gail:atk-bridge
# environment
VSCODE_AMD_ENTRYPOINT = vs/workbench/api/node/extensionHostProcess
# environment
HOME = /home/ak
# environment
VSCODE_CLI = 1
# environment
VSCODE_CODE_CACHE_PATH = /home/ak/.config/Code/CachedData/441438abd1ac652551dbe4d408dfcec8a499b8bf
# environment
LOGNAME = ak
# automatic
+F = $(notdir $+)
# environment
ELECTRON_NO_ATTACH_CONSOLE = 1
# environment
VSCODE_HANDLES_UNCAUGHT_ERRORS = true
# environment
GNOME_DESKTOP_SESSION_ID = this-is-deprecated
# automatic
^D = $(patsubst %/,%,$(dir $^))
# environment
MAKELEVEL := 0
# default
MAKE = $(MAKE_COMMAND)
# default
MAKECMDGOALS := all all
# environment
QT_IM_MODULE = ibus
# environment
SHLVL = 0
# makefile (from 'Makefile', line 1)
CC = g++
# environment
MAKEOVERRIDES = ${-*-command-variables-*-}
# environment
GNOME_SHELL_SESSION_MODE = ubuntu
# default
MAKE_VERSION := 4.2.1
# environment
USER = ak
# makefile
.DEFAULT_GOAL := all
# environment
XDG_CURRENT_DESKTOP = Unity
# environment
GOROOT = /home/ak/opt/go
# automatic
%D = $(patsubst %/,%,$(dir $%))
# default
MAKE_COMMAND := make
# makefile (from 'Makefile', line 3)
INC = -I inc
# default
.VARIABLES := 
# automatic
*F = $(notdir $*)
# environment
VSCODE_IPC_HOOK = /run/user/1000/vscode-b0a78c92-1.75.1-main.sock
# makefile
MAKEFLAGS = pqrR -- $(MAKEOVERRIDES)
# environment
MFLAGS = -pqrR
# automatic
*D = $(patsubst %/,%,$(dir $*))
# automatic
+D = $(patsubst %/,%,$(dir $+))
# environment
GDK_BACKEND = x11
# automatic
-*-command-variables-*- := TARGET_PATH=.build/debug DEBUG=yes
# environment
QT_ACCESSIBILITY = 1
# default
MAKEFILES := 
# automatic
<F = $(notdir $<)
# environment
LC_ALL = C
# environment
GJS_DEBUG_TOPICS = JS ERROR;JS LOG
# automatic
^F = $(notdir $^)
# default
SUFFIXES := 
# environment
ARDUINO_SDK_PATH = /home/ak/opt/arduino/arduino-1.8.2
# environment
CHROME_DESKTOP = code-url-handler.desktop
# environment
WINDOWPATH = 2
# default
.INCLUDE_DIRS = /usr/include /usr/local/include /usr/include
# environment
GJS_DEBUG_OUTPUT = stderr
# default
.RECIPEPREFIX := 
# environment
LANG = C
# environment
VSCODE_PID = 2147302
# variable set hash-table stats:
# Load=106/1024=10%, Rehash=0, Collisions=18/143=13%

# Pattern-specific Variable Values

# No pattern-specific variable values.

# Directories

# . (device 66305, inode 30285739): 7 files, no impossibilities.

# 7 files, no impossibilities in 1 directories.

# Implicit Rules

# No implicit rules.

# Files

all: main
#  Command line target.
#  Implicit rule search has been done.
#  File does not exist.
#  File has been updated.
#  Needs to be updated (-q is set).
# variable set hash-table stats:
# Load=0/32=0%, Rehash=0, Collisions=0/10=0%

# Not a target:
.SUFFIXES:
#  Implicit rule search has not been done.
#  Modification time never checked.
#  File has not been updated.

# Not a target:
Makefile:
#  Implicit rule search has been done.
#  Last modified 2024-02-06 19:21:21.471683016
#  File has been updated.
#  Successfully updated.

# Not a target:
.DEFAULT:
#  Implicit rule search has not been done.
#  Modification time never checked.
#  File has not been updated.

clean:
#  Implicit rule search has not been done.
#  Modification time never checked.
#  File has not been updated.
#  recipe to execute (from 'Makefile', line 14):
	rm main main.o 

main:
#  Implicit rule search has not been done.
#  Implicit/static pattern stem: ''
#  File does not exist.
#  File has been updated.
#  Needs to be updated (-q is set).
# automatic
# @ := main
# automatic
# % := 
# automatic
# * := 
# automatic
# + := 
 
# automatic
# | := 
# automatic
# < := 
# automatic
# ^ := 
# automatic
# ? := 
# variable set hash-table stats:
# Load=8/32=25%, Rehash=0, Collisions=5/18=28%
#  recipe to execute (from 'Makefile', line 11):
	$(CC) $(CFLAGS) $(INC) -o pocoservertest $(SRC) $(DEPS) $(LIB) $(LINK)

# files hash-table stats:
# Load=6/1024=1%, Rehash=0, Collisions=0/21=0%
# VPATH Search Paths

# No 'vpath' search paths.

# No general ('VPATH' variable) search path.

# strcache buffers: 1 (0) / strings = 14 / storage = 111 B / avg = 7 B
# current buf: size = 8162 B / used = 111 B / count = 14 / avg = 7 B

# strcache performance: lookups = 26 / hit rate = 46%
# hash-table stats:
# Load=14/8192=0%, Rehash=0, Collisions=1/26=4%
# Finished Make data base on Tue Feb  6 19:24:59 2024

 
